<?xml version="1.0" encoding="UTF-8"?>
<!-- Generated by org.testng.reporters.JUnitReportReporter -->
<testsuite hostname="dosysnet034" name="com.dataDriven.test.Parameterize" tests="1" failures="0" timestamp="8 Jan 2020 05:45:30 GMT" time="1.065" errors="0">
  <testcase name="fetchdata" time="1.065" classname="com.dataDriven.test.Parameterize"/>
</testsuite> <!-- com.dataDriven.test.Parameterize -->
